<?xml version="1.0" encoding="UTF-8"?>
<!-- Generated by org.testng.reporters.JUnitReportReporter -->
<testsuite hostname="LAP153-NSP-NSGROUP" failures="0" tests="3" name="com.rcb.scripts.RcbTest" time="0.344" errors="0" timestamp="23 Sep 2022 13:12:35 GMT">
  <testcase classname="com.rcb.scripts.RcbTest" name="verifyWicketKeeperCountTest" time="0.002"/>
  <testcase classname="com.rcb.scripts.RcbTest" name="colorreports" time="0.334"/>
  <testcase classname="com.rcb.scripts.RcbTest" name="verifyForeignPlayerCountTest" time="0.008"/>
</testsuite> <!-- com.rcb.scripts.RcbTest -->
